<?xml version="1.0" encoding="UTF-8"?>
<!-- Generated by org.testng.reporters.JUnitXMLReporter -->
<testsuite ignored="22" hostname="Bokka" failures="4" tests="18" name="Test" time="108.779" errors="0" timestamp="2023-02-06T21:04:48 CET">
  <testcase classname="tutorialsNinjaTests.DeleteProductInWishListTest" name="verifyProductRemovalFromWishListFunctionality" time="3.7"/>
  <testcase classname="tutorialsNinjaTests.EditAccountInformationTest" name="verifyEditAccountInfoForValidCase" time="4.054">
    <failure type="java.lang.AssertionError" message="The following asserts failed:
	expected [true] but found [false]">
      <![CDATA[java.lang.AssertionError: The following asserts failed:
expected [true] but found [false]
at tutorialsNinjaTests.EditAccountInformationTest.verifyEditAccountInfoForValidCase(EditAccountInformationTest.java:28)
at java.base/java.util.ArrayList.forEach(ArrayList.java:1511)
... Removed 29 stack frames]]>
    </failure>
  </testcase> <!-- verifyEditAccountInfoForValidCase -->
  <testcase classname="tutorialsNinjaTests.EstimateShippingAndTaxesTest" name="verifyEstimateShippingAndTaxes" time="5.333">
    <failure type="java.lang.AssertionError" message="expected [true] but found [false]">
      <![CDATA[java.lang.AssertionError: expected [true] but found [false]
at tutorialsNinjaTests.EstimateShippingAndTaxesTest.verifyEstimateShippingAndTaxes(EstimateShippingAndTaxesTest.java:29)
at java.base/java.util.ArrayList.forEach(ArrayList.java:1511)
... Removed 31 stack frames]]>
    </failure>
  </testcase> <!-- verifyEstimateShippingAndTaxes -->
  <testcase classname="tutorialsNinjaTests.ForgottenPasswordTest" name="verifyForgottenPasswordInLoginFieldValidCase" time="1.971"/>
  <testcase classname="tutorialsNinjaTests.ForgottenPasswordTest" name="verifyForgottenPasswordInLoginFieldValidCase" time="1.583"/>
  <testcase classname="tutorialsNinjaTests.ForgottenPasswordTest" name="verifyForgottenPasswordInRightColumnValidCase" time="1.775"/>
  <testcase classname="tutorialsNinjaTests.ForgottenPasswordTest" name="verifyForgottenPasswordInRightColumnValidCase" time="1.456"/>
  <testcase classname="tutorialsNinjaTests.GiftCertificateTest" name="giftCertificateWithOutNonRefundableTerms" time="3.13"/>
  <testcase classname="tutorialsNinjaTests.GiftCertificateTest" name="giftCertificateWithRefundableTerms" time="3.516">
    <failure type="java.lang.AssertionError" message="The following asserts failed:
	expected [$1.00 Gift Certificate for ben] but found [Image Product Name Model Quantity Unit Price Total
HTC Touch HD ***
Reward Points: 400 Product 1
$100.00 $100.00
iPhone *** product 11
$101.00 $8,888.00
Samsung Galaxy Tab 10.1 ***
Reward Points: 1000 SAM1
$199.99 $199.99
$1.00 Gift Certificate for ben
$1.00 $1.00]">
      <![CDATA[java.lang.AssertionError: The following asserts failed:
expected [$1.00 Gift Certificate for ben] but found [Image Product Name Model Quantity Unit Price Total
HTC Touch HD ***
Reward Points: 400 Product 1
$100.00 $100.00
iPhone *** product 11
$101.00 $8,888.00
Samsung Galaxy Tab 10.1 ***
Reward Points: 1000 SAM1
$199.99 $199.99
$1.00 Gift Certificate for ben
$1.00 $1.00]
at tutorialsNinjaTests.GiftCertificateTest.giftCertificateWithRefundableTerms(GiftCertificateTest.java:38)
at java.base/java.util.ArrayList.forEach(ArrayList.java:1511)
... Removed 29 stack frames]]>
    </failure>
  </testcase> <!-- giftCertificateWithRefundableTerms -->
  <testcase classname="tutorialsNinjaTests.LoginTest" name="verifyLoginFunctionality" time="1.804"/>
  <testcase classname="tutorialsNinjaTests.LoginTest" name="verifyLoginFunctionality" time="1.049"/>
  <testcase classname="tutorialsNinjaTests.ModifyAddressBookEntriesTest" name="verifyAddressBookEntriesForValidCase" time="4.736"/>
  <testcase classname="tutorialsNinjaTests.NewsLetterSubscriptionTest" name="verifySubscribeToNewsLetterFunctionality" time="2.868"/>
  <testcase classname="tutorialsNinjaTests.RegisterTest" name="verifyRegisterAccountFunctionality" time="2.67"/>
  <testcase classname="tutorialsNinjaTests.RegisterTest" name="verifyRegisterAccountFunctionality" time="1.929"/>
  <testcase classname="tutorialsNinjaTests.WishListTest" name="verifyAddProductWishListFunctionality" time="3.794">
    <failure type="java.lang.AssertionError" message="The following asserts failed:
	expected [product 11] but found [iPhone product 11 Out Of Stock
$101.00
MacBook Product 16 Out Of Stock
$500.00]">
      <![CDATA[java.lang.AssertionError: The following asserts failed:
expected [product 11] but found [iPhone product 11 Out Of Stock
$101.00
MacBook Product 16 Out Of Stock
$500.00]
at tutorialsNinjaTests.WishListTest.verifyAddProductWishListFunctionality(WishListTest.java:29)
at java.base/java.util.ArrayList.forEach(ArrayList.java:1511)
... Removed 29 stack frames]]>
    </failure>
  </testcase> <!-- verifyAddProductWishListFunctionality -->
  <testcase classname="tutorialsNinjaTests.ComparisionOfProductsTest" name="productsComparison" time="3.655"/>
  <testcase classname="tutorialsNinjaTests.AddProductToCartTest" name="verifyAddToCartFunctionalityFromWishList" time="3.832"/>
  <testcase classname="tutorialsNinjaCommon.BaseTest" name="@AfterSuite onFinish" time="0.0">
    <ignored/>
  </testcase> <!-- @AfterSuite onFinish -->
  <testcase classname="tutorialsNinjaCommon.BaseTest" name="@BeforeSuite extentReport" time="0.0">
    <ignored/>
  </testcase> <!-- @BeforeSuite extentReport -->
  <testcase classname="tutorialsNinjaCommon.BaseTest" name="@AfterSuite onFinish" time="0.0">
    <ignored/>
  </testcase> <!-- @AfterSuite onFinish -->
  <testcase classname="tutorialsNinjaCommon.BaseTest" name="@AfterSuite onFinish" time="0.0">
    <ignored/>
  </testcase> <!-- @AfterSuite onFinish -->
  <testcase classname="tutorialsNinjaCommon.BaseTest" name="@BeforeSuite extentReport" time="0.0">
    <ignored/>
  </testcase> <!-- @BeforeSuite extentReport -->
  <testcase classname="tutorialsNinjaCommon.BaseTest" name="@BeforeSuite extentReport" time="0.0">
    <ignored/>
  </testcase> <!-- @BeforeSuite extentReport -->
  <testcase classname="tutorialsNinjaCommon.BaseTest" name="@AfterSuite onFinish" time="0.0">
    <ignored/>
  </testcase> <!-- @AfterSuite onFinish -->
  <testcase classname="tutorialsNinjaCommon.BaseTest" name="@AfterSuite onFinish" time="0.0">
    <ignored/>
  </testcase> <!-- @AfterSuite onFinish -->
  <testcase classname="tutorialsNinjaCommon.BaseTest" name="@AfterSuite onFinish" time="0.0">
    <ignored/>
  </testcase> <!-- @AfterSuite onFinish -->
  <testcase classname="tutorialsNinjaCommon.BaseTest" name="@AfterSuite onFinish" time="0.0">
    <ignored/>
  </testcase> <!-- @AfterSuite onFinish -->
  <testcase classname="tutorialsNinjaCommon.BaseTest" name="@BeforeSuite extentReport" time="0.0">
    <ignored/>
  </testcase> <!-- @BeforeSuite extentReport -->
  <testcase classname="tutorialsNinjaCommon.BaseTest" name="@BeforeSuite extentReport" time="0.0">
    <ignored/>
  </testcase> <!-- @BeforeSuite extentReport -->
  <testcase classname="tutorialsNinjaCommon.BaseTest" name="@AfterSuite onFinish" time="0.0">
    <ignored/>
  </testcase> <!-- @AfterSuite onFinish -->
  <testcase classname="tutorialsNinjaCommon.BaseTest" name="@BeforeSuite extentReport" time="0.0">
    <ignored/>
  </testcase> <!-- @BeforeSuite extentReport -->
  <testcase classname="tutorialsNinjaCommon.BaseTest" name="@BeforeSuite extentReport" time="0.0">
    <ignored/>
  </testcase> <!-- @BeforeSuite extentReport -->
  <testcase classname="tutorialsNinjaCommon.BaseTest" name="@BeforeSuite extentReport" time="0.0">
    <ignored/>
  </testcase> <!-- @BeforeSuite extentReport -->
  <testcase classname="tutorialsNinjaCommon.BaseTest" name="@AfterSuite onFinish" time="0.0">
    <ignored/>
  </testcase> <!-- @AfterSuite onFinish -->
  <testcase classname="tutorialsNinjaCommon.BaseTest" name="@AfterSuite onFinish" time="0.0">
    <ignored/>
  </testcase> <!-- @AfterSuite onFinish -->
  <testcase classname="tutorialsNinjaCommon.BaseTest" name="@BeforeSuite extentReport" time="0.0">
    <ignored/>
  </testcase> <!-- @BeforeSuite extentReport -->
  <testcase classname="tutorialsNinjaCommon.BaseTest" name="@BeforeSuite extentReport" time="0.0">
    <ignored/>
  </testcase> <!-- @BeforeSuite extentReport -->
  <testcase classname="tutorialsNinjaCommon.BaseTest" name="@AfterSuite onFinish" time="0.0">
    <ignored/>
  </testcase> <!-- @AfterSuite onFinish -->
  <testcase classname="tutorialsNinjaCommon.BaseTest" name="@BeforeSuite extentReport" time="0.0">
    <ignored/>
  </testcase> <!-- @BeforeSuite extentReport -->
</testsuite> <!-- Test -->
